<?xml version="1.0" encoding="UTF-8"?>
<testsuite xmlns:xsi="http://www.w3.org/2001/XMLSchema-instance" xsi:noNamespaceSchemaLocation="https://maven.apache.org/surefire/maven-surefire-plugin/xsd/surefire-test-report.xsd" name="com.oci.ed.http.test.HttpEmailClientSenderTest" time="3.582" tests="1" errors="0" skipped="0" failures="1">
  <properties>
    <property name="java.specification.version" value="16"/>
    <property name="sun.jnu.encoding" value="UTF-8"/>
    <property name="java.class.path" value="/Users/himapate/.m2/repository/org/apache/maven/surefire/surefire-booter/2.22.1/surefire-booter-2.22.1.jar:/Users/himapate/.m2/repository/org/apache/maven/surefire/surefire-api/2.22.1/surefire-api-2.22.1.jar:/Users/himapate/.m2/repository/org/apache/maven/surefire/surefire-logger-api/2.22.1/surefire-logger-api-2.22.1.jar:/Users/himapate/tech/ed/oci-ed-sdk/target/test-classes:/Users/himapate/tech/ed/oci-ed-sdk/target/classes:/Users/himapate/.m2/repository/com/oracle/oci/sdk/oci-java-sdk-email/3.2.4-preview1-SNAPSHOT/oci-java-sdk-email-3.2.4-preview1-SNAPSHOT.jar:/Users/himapate/.m2/repository/com/oracle/oci/sdk/oci-java-sdk-common/3.2.4-preview1-SNAPSHOT/oci-java-sdk-common-3.2.4-preview1-SNAPSHOT.jar:/Users/himapate/.m2/repository/org/bouncycastle/bcpkix-jdk15on/1.70/bcpkix-jdk15on-1.70.jar:/Users/himapate/.m2/repository/org/bouncycastle/bcutil-jdk15on/1.70/bcutil-jdk15on-1.70.jar:/Users/himapate/.m2/repository/org/bouncycastle/bcprov-jdk15on/1.70/bcprov-jdk15on-1.70.jar:/Users/himapate/.m2/repository/com/oracle/oci/sdk/oci-java-sdk-circuitbreaker/3.2.4-preview1-SNAPSHOT/oci-java-sdk-circuitbreaker-3.2.4-preview1-SNAPSHOT.jar:/Users/himapate/.m2/repository/io/github/resilience4j/resilience4j-circuitbreaker/1.7.1/resilience4j-circuitbreaker-1.7.1.jar:/Users/himapate/.m2/repository/io/vavr/vavr/0.10.2/vavr-0.10.2.jar:/Users/himapate/.m2/repository/io/vavr/vavr-match/0.10.2/vavr-match-0.10.2.jar:/Users/himapate/.m2/repository/io/github/resilience4j/resilience4j-core/1.7.1/resilience4j-core-1.7.1.jar:/Users/himapate/.m2/repository/com/oracle/oci/sdk/oci-java-sdk-common-httpclient-jersey/3.2.4-preview1-SNAPSHOT/oci-java-sdk-common-httpclient-jersey-3.2.4-preview1-SNAPSHOT.jar:/Users/himapate/.m2/repository/com/oracle/oci/sdk/oci-java-sdk-common-httpclient/3.2.4-preview1-SNAPSHOT/oci-java-sdk-common-httpclient-3.2.4-preview1-SNAPSHOT.jar:/Users/himapate/.m2/repository/org/glassfish/jersey/core/jersey-common/2.35/jersey-common-2.35.jar:/Users/himapate/.m2/repository/jakarta/annotation/jakarta.annotation-api/1.3.5/jakarta.annotation-api-1.3.5.jar:/Users/himapate/.m2/repository/org/glassfish/hk2/external/jakarta.inject/2.6.1/jakarta.inject-2.6.1.jar:/Users/himapate/.m2/repository/org/glassfish/hk2/osgi-resource-locator/1.0.3/osgi-resource-locator-1.0.3.jar:/Users/himapate/.m2/repository/com/fasterxml/jackson/core/jackson-core/2.13.1/jackson-core-2.13.1.jar:/Users/himapate/.m2/repository/com/google/code/findbugs/jsr305/3.0.2/jsr305-3.0.2.jar:/Users/himapate/.m2/repository/org/glassfish/jersey/core/jersey-client/2.35/jersey-client-2.35.jar:/Users/himapate/.m2/repository/org/glassfish/jersey/media/jersey-media-json-jackson/2.35/jersey-media-json-jackson-2.35.jar:/Users/himapate/.m2/repository/org/glassfish/jersey/ext/jersey-entity-filtering/2.35/jersey-entity-filtering-2.35.jar:/Users/himapate/.m2/repository/com/fasterxml/jackson/module/jackson-module-jaxb-annotations/2.12.2/jackson-module-jaxb-annotations-2.12.2.jar:/Users/himapate/.m2/repository/jakarta/xml/bind/jakarta.xml.bind-api/2.3.2/jakarta.xml.bind-api-2.3.2.jar:/Users/himapate/.m2/repository/jakarta/activation/jakarta.activation-api/1.2.1/jakarta.activation-api-1.2.1.jar:/Users/himapate/.m2/repository/org/glassfish/jersey/inject/jersey-hk2/2.35/jersey-hk2-2.35.jar:/Users/himapate/.m2/repository/org/glassfish/hk2/hk2-locator/2.6.1/hk2-locator-2.6.1.jar:/Users/himapate/.m2/repository/org/glassfish/hk2/external/aopalliance-repackaged/2.6.1/aopalliance-repackaged-2.6.1.jar:/Users/himapate/.m2/repository/org/glassfish/hk2/hk2-api/2.6.1/hk2-api-2.6.1.jar:/Users/himapate/.m2/repository/org/glassfish/hk2/hk2-utils/2.6.1/hk2-utils-2.6.1.jar:/Users/himapate/.m2/repository/org/javassist/javassist/3.25.0-GA/javassist-3.25.0-GA.jar:/Users/himapate/.m2/repository/jakarta/ws/rs/jakarta.ws.rs-api/2.1.6/jakarta.ws.rs-api-2.1.6.jar:/Users/himapate/.m2/repository/javax/annotation/javax.annotation-api/1.3.2/javax.annotation-api-1.3.2.jar:/Users/himapate/.m2/repository/org/glassfish/jersey/connectors/jersey-apache-connector/2.35/jersey-apache-connector-2.35.jar:/Users/himapate/.m2/repository/javax/ws/rs/javax.ws.rs-api/2.1.1/javax.ws.rs-api-2.1.1.jar:/Users/himapate/.m2/repository/com/fasterxml/jackson/core/jackson-databind/2.14.2/jackson-databind-2.14.2.jar:/Users/himapate/.m2/repository/com/fasterxml/jackson/core/jackson-annotations/2.14.2/jackson-annotations-2.14.2.jar:/Users/himapate/.m2/repository/com/google/guava/guava/31.1-jre/guava-31.1-jre.jar:/Users/himapate/.m2/repository/com/google/guava/failureaccess/1.0.1/failureaccess-1.0.1.jar:/Users/himapate/.m2/repository/com/google/guava/listenablefuture/9999.0-empty-to-avoid-conflict-with-guava/listenablefuture-9999.0-empty-to-avoid-conflict-with-guava.jar:/Users/himapate/.m2/repository/org/checkerframework/checker-qual/3.12.0/checker-qual-3.12.0.jar:/Users/himapate/.m2/repository/com/google/errorprone/error_prone_annotations/2.11.0/error_prone_annotations-2.11.0.jar:/Users/himapate/.m2/repository/com/google/j2objc/j2objc-annotations/1.3/j2objc-annotations-1.3.jar:/Users/himapate/.m2/repository/org/tomitribe/tomitribe-http-signatures/1.8/tomitribe-http-signatures-1.8.jar:/Users/himapate/.m2/repository/org/apache/httpcomponents/httpclient/4.5.14/httpclient-4.5.14.jar:/Users/himapate/.m2/repository/commons-logging/commons-logging/1.2/commons-logging-1.2.jar:/Users/himapate/.m2/repository/commons-codec/commons-codec/1.11/commons-codec-1.11.jar:/Users/himapate/.m2/repository/org/apache/httpcomponents/httpcore/4.4.16/httpcore-4.4.16.jar:/Users/himapate/.m2/repository/org/slf4j/slf4j-api/1.7.24/slf4j-api-1.7.24.jar:/Users/himapate/.m2/repository/org/slf4j/slf4j-simple/1.7.24/slf4j-simple-1.7.24.jar:/Users/himapate/.m2/repository/org/junit/jupiter/junit-jupiter-api/5.7.0/junit-jupiter-api-5.7.0.jar:/Users/himapate/.m2/repository/org/apiguardian/apiguardian-api/1.1.0/apiguardian-api-1.1.0.jar:/Users/himapate/.m2/repository/org/opentest4j/opentest4j/1.2.0/opentest4j-1.2.0.jar:/Users/himapate/.m2/repository/org/junit/platform/junit-platform-commons/1.7.0/junit-platform-commons-1.7.0.jar:/Users/himapate/.m2/repository/org/junit/jupiter/junit-jupiter-engine/5.7.0/junit-jupiter-engine-5.7.0.jar:/Users/himapate/.m2/repository/org/junit/platform/junit-platform-engine/1.7.0/junit-platform-engine-1.7.0.jar:/Users/himapate/.m2/repository/com/fnproject/fn/api/1.0.165/api-1.0.165.jar:/Users/himapate/.m2/repository/com/fnproject/fn/testing-core/1.0.165/testing-core-1.0.165.jar:/Users/himapate/.m2/repository/com/fnproject/fn/runtime/1.0.165/runtime-1.0.165.jar:/Users/himapate/.m2/repository/commons-io/commons-io/2.11.0/commons-io-2.11.0.jar:/Users/himapate/.m2/repository/net/jodah/typetools/0.6.3/typetools-0.6.3.jar:/Users/himapate/.m2/repository/com/fnproject/fn/testing-junit4/1.0.165/testing-junit4-1.0.165.jar:/Users/himapate/.m2/repository/junit/junit/4.12/junit-4.12.jar:/Users/himapate/.m2/repository/org/hamcrest/hamcrest-core/1.3/hamcrest-core-1.3.jar:/Users/himapate/.m2/repository/org/apache/maven/surefire/surefire-junit-platform/2.22.1/surefire-junit-platform-2.22.1.jar:/Users/himapate/.m2/repository/org/junit/platform/junit-platform-launcher/1.3.1/junit-platform-launcher-1.3.1.jar"/>
    <property name="java.vm.vendor" value="Homebrew"/>
    <property name="sun.arch.data.model" value="64"/>
    <property name="java.vendor.url" value="https://github.com/Homebrew/homebrew-core/issues"/>
    <property name="os.name" value="Mac OS X"/>
    <property name="java.vm.specification.version" value="16"/>
    <property name="sun.java.launcher" value="SUN_STANDARD"/>
    <property name="user.country" value="US"/>
    <property name="sun.boot.library.path" value="/usr/local/Cellar/openjdk/16.0.2/libexec/openjdk.jdk/Contents/Home/lib"/>
    <property name="sun.java.command" value="org.apache.maven.surefire.booter.ForkedBooter /Users/himapate/tech/ed/oci-ed-sdk/target/surefire 2023-02-28T09-47-56_269-jvmRun1 surefire13547227233614230569tmp surefire_06758892662519673553tmp"/>
    <property name="jdk.debug" value="release"/>
    <property name="surefire.test.class.path" value="/Users/himapate/tech/ed/oci-ed-sdk/target/test-classes:/Users/himapate/tech/ed/oci-ed-sdk/target/classes:/Users/himapate/.m2/repository/com/oracle/oci/sdk/oci-java-sdk-email/3.2.4-preview1-SNAPSHOT/oci-java-sdk-email-3.2.4-preview1-SNAPSHOT.jar:/Users/himapate/.m2/repository/com/oracle/oci/sdk/oci-java-sdk-common/3.2.4-preview1-SNAPSHOT/oci-java-sdk-common-3.2.4-preview1-SNAPSHOT.jar:/Users/himapate/.m2/repository/org/bouncycastle/bcpkix-jdk15on/1.70/bcpkix-jdk15on-1.70.jar:/Users/himapate/.m2/repository/org/bouncycastle/bcutil-jdk15on/1.70/bcutil-jdk15on-1.70.jar:/Users/himapate/.m2/repository/org/bouncycastle/bcprov-jdk15on/1.70/bcprov-jdk15on-1.70.jar:/Users/himapate/.m2/repository/com/oracle/oci/sdk/oci-java-sdk-circuitbreaker/3.2.4-preview1-SNAPSHOT/oci-java-sdk-circuitbreaker-3.2.4-preview1-SNAPSHOT.jar:/Users/himapate/.m2/repository/io/github/resilience4j/resilience4j-circuitbreaker/1.7.1/resilience4j-circuitbreaker-1.7.1.jar:/Users/himapate/.m2/repository/io/vavr/vavr/0.10.2/vavr-0.10.2.jar:/Users/himapate/.m2/repository/io/vavr/vavr-match/0.10.2/vavr-match-0.10.2.jar:/Users/himapate/.m2/repository/io/github/resilience4j/resilience4j-core/1.7.1/resilience4j-core-1.7.1.jar:/Users/himapate/.m2/repository/com/oracle/oci/sdk/oci-java-sdk-common-httpclient-jersey/3.2.4-preview1-SNAPSHOT/oci-java-sdk-common-httpclient-jersey-3.2.4-preview1-SNAPSHOT.jar:/Users/himapate/.m2/repository/com/oracle/oci/sdk/oci-java-sdk-common-httpclient/3.2.4-preview1-SNAPSHOT/oci-java-sdk-common-httpclient-3.2.4-preview1-SNAPSHOT.jar:/Users/himapate/.m2/repository/org/glassfish/jersey/core/jersey-common/2.35/jersey-common-2.35.jar:/Users/himapate/.m2/repository/jakarta/annotation/jakarta.annotation-api/1.3.5/jakarta.annotation-api-1.3.5.jar:/Users/himapate/.m2/repository/org/glassfish/hk2/external/jakarta.inject/2.6.1/jakarta.inject-2.6.1.jar:/Users/himapate/.m2/repository/org/glassfish/hk2/osgi-resource-locator/1.0.3/osgi-resource-locator-1.0.3.jar:/Users/himapate/.m2/repository/com/fasterxml/jackson/core/jackson-core/2.13.1/jackson-core-2.13.1.jar:/Users/himapate/.m2/repository/com/google/code/findbugs/jsr305/3.0.2/jsr305-3.0.2.jar:/Users/himapate/.m2/repository/org/glassfish/jersey/core/jersey-client/2.35/jersey-client-2.35.jar:/Users/himapate/.m2/repository/org/glassfish/jersey/media/jersey-media-json-jackson/2.35/jersey-media-json-jackson-2.35.jar:/Users/himapate/.m2/repository/org/glassfish/jersey/ext/jersey-entity-filtering/2.35/jersey-entity-filtering-2.35.jar:/Users/himapate/.m2/repository/com/fasterxml/jackson/module/jackson-module-jaxb-annotations/2.12.2/jackson-module-jaxb-annotations-2.12.2.jar:/Users/himapate/.m2/repository/jakarta/xml/bind/jakarta.xml.bind-api/2.3.2/jakarta.xml.bind-api-2.3.2.jar:/Users/himapate/.m2/repository/jakarta/activation/jakarta.activation-api/1.2.1/jakarta.activation-api-1.2.1.jar:/Users/himapate/.m2/repository/org/glassfish/jersey/inject/jersey-hk2/2.35/jersey-hk2-2.35.jar:/Users/himapate/.m2/repository/org/glassfish/hk2/hk2-locator/2.6.1/hk2-locator-2.6.1.jar:/Users/himapate/.m2/repository/org/glassfish/hk2/external/aopalliance-repackaged/2.6.1/aopalliance-repackaged-2.6.1.jar:/Users/himapate/.m2/repository/org/glassfish/hk2/hk2-api/2.6.1/hk2-api-2.6.1.jar:/Users/himapate/.m2/repository/org/glassfish/hk2/hk2-utils/2.6.1/hk2-utils-2.6.1.jar:/Users/himapate/.m2/repository/org/javassist/javassist/3.25.0-GA/javassist-3.25.0-GA.jar:/Users/himapate/.m2/repository/jakarta/ws/rs/jakarta.ws.rs-api/2.1.6/jakarta.ws.rs-api-2.1.6.jar:/Users/himapate/.m2/repository/javax/annotation/javax.annotation-api/1.3.2/javax.annotation-api-1.3.2.jar:/Users/himapate/.m2/repository/org/glassfish/jersey/connectors/jersey-apache-connector/2.35/jersey-apache-connector-2.35.jar:/Users/himapate/.m2/repository/javax/ws/rs/javax.ws.rs-api/2.1.1/javax.ws.rs-api-2.1.1.jar:/Users/himapate/.m2/repository/com/fasterxml/jackson/core/jackson-databind/2.14.2/jackson-databind-2.14.2.jar:/Users/himapate/.m2/repository/com/fasterxml/jackson/core/jackson-annotations/2.14.2/jackson-annotations-2.14.2.jar:/Users/himapate/.m2/repository/com/google/guava/guava/31.1-jre/guava-31.1-jre.jar:/Users/himapate/.m2/repository/com/google/guava/failureaccess/1.0.1/failureaccess-1.0.1.jar:/Users/himapate/.m2/repository/com/google/guava/listenablefuture/9999.0-empty-to-avoid-conflict-with-guava/listenablefuture-9999.0-empty-to-avoid-conflict-with-guava.jar:/Users/himapate/.m2/repository/org/checkerframework/checker-qual/3.12.0/checker-qual-3.12.0.jar:/Users/himapate/.m2/repository/com/google/errorprone/error_prone_annotations/2.11.0/error_prone_annotations-2.11.0.jar:/Users/himapate/.m2/repository/com/google/j2objc/j2objc-annotations/1.3/j2objc-annotations-1.3.jar:/Users/himapate/.m2/repository/org/tomitribe/tomitribe-http-signatures/1.8/tomitribe-http-signatures-1.8.jar:/Users/himapate/.m2/repository/org/apache/httpcomponents/httpclient/4.5.14/httpclient-4.5.14.jar:/Users/himapate/.m2/repository/commons-logging/commons-logging/1.2/commons-logging-1.2.jar:/Users/himapate/.m2/repository/commons-codec/commons-codec/1.11/commons-codec-1.11.jar:/Users/himapate/.m2/repository/org/apache/httpcomponents/httpcore/4.4.16/httpcore-4.4.16.jar:/Users/himapate/.m2/repository/org/slf4j/slf4j-api/1.7.24/slf4j-api-1.7.24.jar:/Users/himapate/.m2/repository/org/slf4j/slf4j-simple/1.7.24/slf4j-simple-1.7.24.jar:/Users/himapate/.m2/repository/org/junit/jupiter/junit-jupiter-api/5.7.0/junit-jupiter-api-5.7.0.jar:/Users/himapate/.m2/repository/org/apiguardian/apiguardian-api/1.1.0/apiguardian-api-1.1.0.jar:/Users/himapate/.m2/repository/org/opentest4j/opentest4j/1.2.0/opentest4j-1.2.0.jar:/Users/himapate/.m2/repository/org/junit/platform/junit-platform-commons/1.7.0/junit-platform-commons-1.7.0.jar:/Users/himapate/.m2/repository/org/junit/jupiter/junit-jupiter-engine/5.7.0/junit-jupiter-engine-5.7.0.jar:/Users/himapate/.m2/repository/org/junit/platform/junit-platform-engine/1.7.0/junit-platform-engine-1.7.0.jar:/Users/himapate/.m2/repository/com/fnproject/fn/api/1.0.165/api-1.0.165.jar:/Users/himapate/.m2/repository/com/fnproject/fn/testing-core/1.0.165/testing-core-1.0.165.jar:/Users/himapate/.m2/repository/com/fnproject/fn/runtime/1.0.165/runtime-1.0.165.jar:/Users/himapate/.m2/repository/commons-io/commons-io/2.11.0/commons-io-2.11.0.jar:/Users/himapate/.m2/repository/net/jodah/typetools/0.6.3/typetools-0.6.3.jar:/Users/himapate/.m2/repository/com/fnproject/fn/testing-junit4/1.0.165/testing-junit4-1.0.165.jar:/Users/himapate/.m2/repository/junit/junit/4.12/junit-4.12.jar:/Users/himapate/.m2/repository/org/hamcrest/hamcrest-core/1.3/hamcrest-core-1.3.jar:"/>
    <property name="sun.cpu.endian" value="little"/>
    <property name="user.home" value="/Users/himapate"/>
    <property name="user.language" value="en"/>
    <property name="java.specification.vendor" value="Oracle Corporation"/>
    <property name="java.version.date" value="2021-07-20"/>
    <property name="java.home" value="/usr/local/Cellar/openjdk/16.0.2/libexec/openjdk.jdk/Contents/Home"/>
    <property name="file.separator" value="/"/>
    <property name="basedir" value="/Users/himapate/tech/ed/oci-ed-sdk"/>
    <property name="java.vm.compressedOopsMode" value="Zero based"/>
    <property name="line.separator" value="&#10;"/>
    <property name="java.vm.specification.vendor" value="Oracle Corporation"/>
    <property name="java.specification.name" value="Java Platform API Specification"/>
    <property name="sun.management.compiler" value="HotSpot 64-Bit Tiered Compilers"/>
    <property name="java.runtime.version" value="16.0.2+0"/>
    <property name="user.name" value="himapate"/>
    <property name="path.separator" value=":"/>
    <property name="os.version" value="12.4"/>
    <property name="java.runtime.name" value="OpenJDK Runtime Environment"/>
    <property name="file.encoding" value="UTF-8"/>
    <property name="java.vm.name" value="OpenJDK 64-Bit Server VM"/>
    <property name="java.vendor.version" value="Homebrew"/>
    <property name="localRepository" value="/Users/himapate/.m2/repository"/>
    <property name="java.vendor.url.bug" value="https://github.com/Homebrew/homebrew-core/issues"/>
    <property name="java.io.tmpdir" value="/var/folders/lz/mt4ptr2x1png_mwp3fk51q4h0000gn/T/"/>
    <property name="java.version" value="16.0.2"/>
    <property name="user.dir" value="/Users/himapate/tech/ed/oci-ed-sdk"/>
    <property name="os.arch" value="x86_64"/>
    <property name="java.vm.specification.name" value="Java Virtual Machine Specification"/>
    <property name="java.library.path" value="/Users/himapate/Library/Java/Extensions:/Library/Java/Extensions:/Network/Library/Java/Extensions:/System/Library/Java/Extensions:/usr/lib/java:."/>
    <property name="java.vm.info" value="mixed mode, sharing"/>
    <property name="java.vendor" value="Homebrew"/>
    <property name="java.vm.version" value="16.0.2+0"/>
    <property name="sun.io.unicode.encoding" value="UnicodeBig"/>
    <property name="java.class.version" value="60.0"/>
  </properties>
  <testcase name="shouldSubmitEmailViaHttpEndpoint" classname="com.oci.ed.http.test.HttpEmailClientSenderTest" time="3.575">
    <failure message="expected: not equal but was: &lt;-1&gt;" type="org.opentest4j.AssertionFailedError"><![CDATA[org.opentest4j.AssertionFailedError: expected: not equal but was: <-1>
	at com.oci.ed.http.test.HttpEmailClientSenderTest.shouldSubmitEmailViaHttpEndpoint(HttpEmailClientSenderTest.java:22)
]]></failure>
    <system-out><![CDATA[HttpEmailSender@buildEmailRequest@CompartmentId >>> <<COMPARTMENT_OCID>>
HttpEmailSender@getEmailClient@SmtpEndpoint >>> https://cell0.submit.email.us-ashburn-1.oci.oraclecloud.com
HttpEmailSender@submitHttpEmail@Error >>> com.oracle.bmc.model.BmcException: Error returned by SubmitEmail operation in Email service.(404, Unknown, false) Unexpected Content-Type: null instead of application/json. Response body: Authorization failed: address <abc@test.com> not authorized (opc-request-id: 82BDE76BC3EE4194917DA25BC28E9EC5/D8E1D7F28E79B2B2D2236865A321E942/5CF73EC768CDA0C5F009477BAA3DA184)
Timestamp: 2023-02-28T15:48:00.611Z
Client version: Oracle-JavaSDK/3.2.4-preview1-SNAPSHOT
Request Endpoint: https://cell0.submit.email.us-ashburn-1.oci.oraclecloud.com/20220926/actions/submitEmail
Troubleshooting Tips: See https://docs.oracle.com/en-us/iaas/Content/API/References/apierrors.htm#apierrors_404__404_unknown for more information about resolving this error
Also see  for details on this operation's requirements.
To get more info on the failing request, you can enable debug level logs as mentioned in `Using SLF4J for Logging section` in https://docs.oracle.com/en-us/iaas/Content/API/SDKDocs/javasdkconfig.htm.
If you are unable to resolve this Email issue, please contact Oracle support and provide them this full error message.
HttpEmailSender@submitSDKEmail@HttpResponseCode >>> -1
]]></system-out>
    <system-err><![CDATA[[main] INFO com.oracle.bmc.Services - Registering new service: Services.BasicService(serviceName=EMAIL, serviceEndpointPrefix=, serviceEndpointTemplate=https://cell0.email.{region}.oci.{secondLevelDomain}, endpointServiceName=null)
[main] INFO com.oracle.bmc.Region - Loaded service 'EMAIL' endpoint mappings: {US_ASHBURN_1=https://cell0.email.us-ashburn-1.oci.oraclecloud.com}
[main] INFO com.oracle.bmc.Region - Loaded service 'EMAIL' endpoint mappings: {US_ASHBURN_1=https://cell0.email.us-ashburn-1.oci.oraclecloud.com, AP_MUMBAI_1=https://cell0.email.ap-mumbai-1.oci.oraclecloud.com}
[main] INFO com.oracle.bmc.submitemail.EmailClient - Setting endpoint to https://cell0.email.ap-mumbai-1.oci.oraclecloud.com
[main] INFO com.oracle.bmc.http.client.jersey.JerseyHttpClientBuilder - Setting connector provider to ApacheConnectorProvider
[main] INFO com.oracle.bmc.submitemail.EmailClient - Authentication details provider configured for region 'AP_MUMBAI_1', but endpoint specifically set to 'https://cell0.submit.email.us-ashburn-1.oci.oraclecloud.com'. Using endpoint setting instead of region.
[main] INFO com.oracle.bmc.submitemail.EmailClient - Setting endpoint to https://cell0.submit.email.us-ashburn-1.oci.oraclecloud.com
[main] INFO com.oracle.bmc.http.client.jersey.JerseyHttpClientBuilder - Setting connector provider to ApacheConnectorProvider
[main] INFO com.oracle.bmc.ClientRuntime - Using SDK: Oracle-JavaSDK/3.2.4-preview1-SNAPSHOT
[main] INFO com.oracle.bmc.ClientRuntime - User agent set to: Oracle-JavaSDK/3.2.4-preview1-SNAPSHOT (Mac OS X/12.4; Java/16.0.2; OpenJDK 64-Bit Server VM/16.0.2+0)
]]></system-err>
  </testcase>
</testsuite>